<?xml version="1.0" encoding="UTF-8"?>
<!-- Generated by org.testng.reporters.JUnitXMLReporter -->
<testsuite hostname="EPUALVIW0358" ignored="0" name="Test" tests="2" failures="1" timestamp="03 Aug 2017 11:46:40 GMT" time="65.578" errors="0">
  <testcase name="markMessagesToImportantAndDelete" time="33.282" classname="com.epam.lab.gmail.GmailTest"/>
  <testcase name="markMessagesToImportantAndDelete" time="30.453" classname="com.epam.lab.gmail.GmailTestNegative">
    <failure type="java.lang.AssertionError" message="expected [true] but found [false]">
      <![CDATA[java.lang.AssertionError: expected [true] but found [false]
	at com.epam.lab.gmail.GmailTestNegative.markMessagesToImportantAndDelete(GmailTestNegative.java:53)
... Removed 29 stack frames]]>
    </failure>
  </testcase> <!-- markMessagesToImportantAndDelete -->
</testsuite> <!-- Test -->
