<?xml version="1.0" encoding="UTF-8"?>
<testng-results skipped="0" failed="2" ignored="0" total="4" passed="2">
  <reporter-output>
  </reporter-output>
  <suite name="Suite" duration-ms="138240" started-at="2017-08-02T14:44:13Z" finished-at="2017-08-02T14:46:31Z">
    <groups>
    </groups>
    <test name="Test" duration-ms="138240" started-at="2017-08-02T14:44:13Z" finished-at="2017-08-02T14:46:31Z">
      <class name="com.epam.lab.gmail.GmailTestNegative">
        <test-method status="PASS" signature="setUp()[pri:0, instance:com.epam.lab.gmail.GmailTestNegative@370736d9]" name="setUp" is-config="true" duration-ms="0" started-at="2017-08-02T17:45:23Z" finished-at="2017-08-02T17:45:23Z">
          <reporter-output>
          </reporter-output>
        </test-method> <!-- setUp -->
        <test-method status="FAIL" signature="markMessagesToImportantAndDelete(com.epam.lab.gmail.models.User)[pri:0, instance:com.epam.lab.gmail.GmailTestNegative@370736d9]" name="markMessagesToImportantAndDelete" duration-ms="30098" started-at="2017-08-02T17:45:23Z" data-provider="getUsers" finished-at="2017-08-02T17:45:53Z">
          <params>
            <param index="0">
              <value>
                <![CDATA[User [login=mykhailo.tsyhanko@gmail.com, password=ReGmiha231]]]>
              </value>
            </param>
          </params>
          <exception class="java.lang.AssertionError">
            <message>
              <![CDATA[expected [true] but found [false]]]>
            </message>
            <full-stacktrace>
              <![CDATA[java.lang.AssertionError: expected [true] but found [false]
	at org.testng.Assert.fail(Assert.java:93)
	at org.testng.Assert.failNotEquals(Assert.java:512)
	at org.testng.Assert.assertTrue(Assert.java:41)
	at org.testng.Assert.assertTrue(Assert.java:51)
	at com.epam.lab.gmail.GmailTestNegative.markMessagesToImportantAndDelete(GmailTestNegative.java:52)
	at sun.reflect.NativeMethodAccessorImpl.invoke0(Native Method)
	at sun.reflect.NativeMethodAccessorImpl.invoke(NativeMethodAccessorImpl.java:62)
	at sun.reflect.DelegatingMethodAccessorImpl.invoke(DelegatingMethodAccessorImpl.java:43)
	at java.lang.reflect.Method.invoke(Method.java:498)
	at org.testng.internal.MethodInvocationHelper.invokeMethod(MethodInvocationHelper.java:108)
	at org.testng.internal.Invoker.invokeMethod(Invoker.java:661)
	at org.testng.internal.Invoker.invokeTestMethod(Invoker.java:869)
	at org.testng.internal.Invoker.invokeTestMethods(Invoker.java:1193)
	at org.testng.internal.TestMethodWorker.invokeTestMethods(TestMethodWorker.java:126)
	at org.testng.internal.TestMethodWorker.run(TestMethodWorker.java:109)
	at org.testng.TestRunner.privateRun(TestRunner.java:744)
	at org.testng.TestRunner.run(TestRunner.java:602)
	at org.testng.SuiteRunner.runTest(SuiteRunner.java:380)
	at org.testng.SuiteRunner.runSequentially(SuiteRunner.java:375)
	at org.testng.SuiteRunner.privateRun(SuiteRunner.java:340)
	at org.testng.SuiteRunner.run(SuiteRunner.java:289)
	at org.testng.SuiteRunnerWorker.runSuite(SuiteRunnerWorker.java:52)
	at org.testng.SuiteRunnerWorker.run(SuiteRunnerWorker.java:86)
	at org.testng.TestNG.runSuitesSequentially(TestNG.java:1301)
	at org.testng.TestNG.runSuitesLocally(TestNG.java:1226)
	at org.testng.TestNG.runSuites(TestNG.java:1144)
	at org.testng.TestNG.run(TestNG.java:1115)
	at org.testng.remote.AbstractRemoteTestNG.run(AbstractRemoteTestNG.java:132)
	at org.testng.remote.RemoteTestNG.initAndRun(RemoteTestNG.java:230)
	at org.testng.remote.RemoteTestNG.main(RemoteTestNG.java:76)
]]>
            </full-stacktrace>
          </exception> <!-- java.lang.AssertionError -->
          <reporter-output>
          </reporter-output>
        </test-method> <!-- markMessagesToImportantAndDelete -->
        <test-method status="PASS" signature="after()[pri:0, instance:com.epam.lab.gmail.GmailTestNegative@370736d9]" name="after" is-config="true" duration-ms="852" started-at="2017-08-02T17:45:53Z" finished-at="2017-08-02T17:45:54Z">
          <reporter-output>
          </reporter-output>
        </test-method> <!-- after -->
        <test-method status="FAIL" signature="markMessagesToImportantAndDelete(com.epam.lab.gmail.models.User)[pri:0, instance:com.epam.lab.gmail.GmailTestNegative@370736d9]" name="markMessagesToImportantAndDelete" duration-ms="36466" started-at="2017-08-02T17:45:54Z" data-provider="getUsers" finished-at="2017-08-02T17:46:31Z">
          <params>
            <param index="0">
              <value>
                <![CDATA[User [login=Micle.AutomationBudda2017@gmail.com, password=TheSkyIsShiningBricly1]]]>
              </value>
            </param>
          </params>
          <exception class="java.lang.AssertionError">
            <message>
              <![CDATA[expected [true] but found [false]]]>
            </message>
            <full-stacktrace>
              <![CDATA[java.lang.AssertionError: expected [true] but found [false]
	at org.testng.Assert.fail(Assert.java:93)
	at org.testng.Assert.failNotEquals(Assert.java:512)
	at org.testng.Assert.assertTrue(Assert.java:41)
	at org.testng.Assert.assertTrue(Assert.java:51)
	at com.epam.lab.gmail.GmailTestNegative.markMessagesToImportantAndDelete(GmailTestNegative.java:52)
	at sun.reflect.NativeMethodAccessorImpl.invoke0(Native Method)
	at sun.reflect.NativeMethodAccessorImpl.invoke(NativeMethodAccessorImpl.java:62)
	at sun.reflect.DelegatingMethodAccessorImpl.invoke(DelegatingMethodAccessorImpl.java:43)
	at java.lang.reflect.Method.invoke(Method.java:498)
	at org.testng.internal.MethodInvocationHelper.invokeMethod(MethodInvocationHelper.java:108)
	at org.testng.internal.Invoker.invokeMethod(Invoker.java:661)
	at org.testng.internal.Invoker.invokeTestMethod(Invoker.java:869)
	at org.testng.internal.Invoker.invokeTestMethods(Invoker.java:1193)
	at org.testng.internal.TestMethodWorker.invokeTestMethods(TestMethodWorker.java:126)
	at org.testng.internal.TestMethodWorker.run(TestMethodWorker.java:109)
	at org.testng.TestRunner.privateRun(TestRunner.java:744)
	at org.testng.TestRunner.run(TestRunner.java:602)
	at org.testng.SuiteRunner.runTest(SuiteRunner.java:380)
	at org.testng.SuiteRunner.runSequentially(SuiteRunner.java:375)
	at org.testng.SuiteRunner.privateRun(SuiteRunner.java:340)
	at org.testng.SuiteRunner.run(SuiteRunner.java:289)
	at org.testng.SuiteRunnerWorker.runSuite(SuiteRunnerWorker.java:52)
	at org.testng.SuiteRunnerWorker.run(SuiteRunnerWorker.java:86)
	at org.testng.TestNG.runSuitesSequentially(TestNG.java:1301)
	at org.testng.TestNG.runSuitesLocally(TestNG.java:1226)
	at org.testng.TestNG.runSuites(TestNG.java:1144)
	at org.testng.TestNG.run(TestNG.java:1115)
	at org.testng.remote.AbstractRemoteTestNG.run(AbstractRemoteTestNG.java:132)
	at org.testng.remote.RemoteTestNG.initAndRun(RemoteTestNG.java:230)
	at org.testng.remote.RemoteTestNG.main(RemoteTestNG.java:76)
]]>
            </full-stacktrace>
          </exception> <!-- java.lang.AssertionError -->
          <reporter-output>
          </reporter-output>
        </test-method> <!-- markMessagesToImportantAndDelete -->
        <test-method status="PASS" signature="after()[pri:0, instance:com.epam.lab.gmail.GmailTestNegative@370736d9]" name="after" is-config="true" duration-ms="865" started-at="2017-08-02T17:46:31Z" finished-at="2017-08-02T17:46:31Z">
          <reporter-output>
          </reporter-output>
        </test-method> <!-- after -->
      </class> <!-- com.epam.lab.gmail.GmailTestNegative -->
      <class name="com.epam.lab.gmail.GmailTest">
        <test-method status="PASS" signature="setUp()[pri:0, instance:com.epam.lab.gmail.GmailTest@3108bc]" name="setUp" is-config="true" duration-ms="10" started-at="2017-08-02T17:44:13Z" finished-at="2017-08-02T17:44:13Z">
          <reporter-output>
          </reporter-output>
        </test-method> <!-- setUp -->
        <test-method status="PASS" signature="markMessagesToImportantAndDelete(com.epam.lab.gmail.models.User)[pri:0, instance:com.epam.lab.gmail.GmailTest@3108bc]" name="markMessagesToImportantAndDelete" duration-ms="31826" started-at="2017-08-02T17:44:13Z" data-provider="getUsers" finished-at="2017-08-02T17:44:45Z">
          <params>
            <param index="0">
              <value>
                <![CDATA[User [login=mykhailo.tsyhanko@gmail.com, password=ReGmiha231]]]>
              </value>
            </param>
          </params>
          <reporter-output>
          </reporter-output>
        </test-method> <!-- markMessagesToImportantAndDelete -->
        <test-method status="PASS" signature="after()[pri:0, instance:com.epam.lab.gmail.GmailTest@3108bc]" name="after" is-config="true" duration-ms="905" started-at="2017-08-02T17:44:45Z" finished-at="2017-08-02T17:44:46Z">
          <reporter-output>
          </reporter-output>
        </test-method> <!-- after -->
        <test-method status="PASS" signature="markMessagesToImportantAndDelete(com.epam.lab.gmail.models.User)[pri:0, instance:com.epam.lab.gmail.GmailTest@3108bc]" name="markMessagesToImportantAndDelete" duration-ms="36358" started-at="2017-08-02T17:44:46Z" data-provider="getUsers" finished-at="2017-08-02T17:45:22Z">
          <params>
            <param index="0">
              <value>
                <![CDATA[User [login=Micle.AutomationBudda2017@gmail.com, password=TheSkyIsShiningBricly1]]]>
              </value>
            </param>
          </params>
          <reporter-output>
          </reporter-output>
        </test-method> <!-- markMessagesToImportantAndDelete -->
        <test-method status="PASS" signature="after()[pri:0, instance:com.epam.lab.gmail.GmailTest@3108bc]" name="after" is-config="true" duration-ms="818" started-at="2017-08-02T17:45:22Z" finished-at="2017-08-02T17:45:23Z">
          <reporter-output>
          </reporter-output>
        </test-method> <!-- after -->
      </class> <!-- com.epam.lab.gmail.GmailTest -->
    </test> <!-- Test -->
  </suite> <!-- Suite -->
</testng-results>
